Build started 6/8/2016 4:10:53 PM.
     1>Project "C:\Users\OHNS\Documents\Visual Studio 2013\Projects\gpuDLL\gpuDLL\gpuDLL.vcxproj" on node 2 (Build target(s)).
     1>CudaBuild:
         Compiling CUDA source file OCTFunctions.cu...
         cmd.exe /C "C:\Users\OHNS\AppData\Local\Temp\tmpfb30ae7e113c49d288af6efc5f1aff9e.cmd"
         "C:\Program Files\NVIDIA GPU Computing Toolkit\CUDA\v8.0\bin\nvcc.exe" -gencode=arch=compute_20,code=\"sm_20,compute_20\" --use-local-env --cl-version 2013 -ccbin "C:\Program Files (x86)\Microsoft Visual Studio 12.0\VC\bin\x86_amd64"  -I"C:\Program Files\NVIDIA GPU Computing Toolkit\CUDA\v8.0\include" -I"C:\Program Files\NVIDIA GPU Computing Toolkit\CUDA\v8.0\include"     --keep-dir x64\Release -maxrregcount=0  --machine 64 --compile -cudart static     -DWIN32 -DWIN64 -DNDEBUG -D_CONSOLE -D_WINDLL -D_MBCS -Xcompiler "/EHsc /W3 /nologo /O2 /Zi  /MD " -o x64\Release\OCTFunctions.cu.obj "C:\Users\OHNS\Documents\Visual Studio 2013\Projects\gpuDLL\gpuDLL\OCTFunctions.cu"
         
         C:\Users\OHNS\Documents\Visual Studio 2013\Projects\gpuDLL\gpuDLL>"C:\Program Files\NVIDIA GPU Computing Toolkit\CUDA\v8.0\bin\nvcc.exe" -gencode=arch=compute_20,code=\"sm_20,compute_20\" --use-local-env --cl-version 2013 -ccbin "C:\Program Files (x86)\Microsoft Visual Studio 12.0\VC\bin\x86_amd64"  -I"C:\Program Files\NVIDIA GPU Computing Toolkit\CUDA\v8.0\include" -I"C:\Program Files\NVIDIA GPU Computing Toolkit\CUDA\v8.0\include"     --keep-dir x64\Release -maxrregcount=0  --machine 64 --compile -cudart static     -DWIN32 -DWIN64 -DNDEBUG -D_CONSOLE -D_WINDLL -D_MBCS -Xcompiler "/EHsc /W3 /nologo /O2 /Zi  /MD " -o x64\Release\OCTFunctions.cu.obj "C:\Users\OHNS\Documents\Visual Studio 2013\Projects\gpuDLL\gpuDLL\OCTFunctions.cu" 
         OCTFunctions.cu
       CudaBuild:
         Compiling CUDA source file OCTKernel.cu...
         cmd.exe /C "C:\Users\OHNS\AppData\Local\Temp\tmpe0e53ed71adc478b84270d9a0a7e3ca2.cmd"
         "C:\Program Files\NVIDIA GPU Computing Toolkit\CUDA\v8.0\bin\nvcc.exe" -gencode=arch=compute_20,code=\"sm_20,compute_20\" --use-local-env --cl-version 2013 -ccbin "C:\Program Files (x86)\Microsoft Visual Studio 12.0\VC\bin\x86_amd64"  -I"C:\Program Files\NVIDIA GPU Computing Toolkit\CUDA\v8.0\include" -I"C:\Program Files\NVIDIA GPU Computing Toolkit\CUDA\v8.0\include"     --keep-dir x64\Release -maxrregcount=0  --machine 64 --compile -cudart static     -DWIN32 -DWIN64 -DNDEBUG -D_CONSOLE -D_WINDLL -D_MBCS -Xcompiler "/EHsc /W3 /nologo /O2 /Zi  /MD " -o x64\Release\OCTKernel.cu.obj "C:\Users\OHNS\Documents\Visual Studio 2013\Projects\gpuDLL\gpuDLL\OCTKernel.cu"
         
         C:\Users\OHNS\Documents\Visual Studio 2013\Projects\gpuDLL\gpuDLL>"C:\Program Files\NVIDIA GPU Computing Toolkit\CUDA\v8.0\bin\nvcc.exe" -gencode=arch=compute_20,code=\"sm_20,compute_20\" --use-local-env --cl-version 2013 -ccbin "C:\Program Files (x86)\Microsoft Visual Studio 12.0\VC\bin\x86_amd64"  -I"C:\Program Files\NVIDIA GPU Computing Toolkit\CUDA\v8.0\include" -I"C:\Program Files\NVIDIA GPU Computing Toolkit\CUDA\v8.0\include"     --keep-dir x64\Release -maxrregcount=0  --machine 64 --compile -cudart static     -DWIN32 -DWIN64 -DNDEBUG -D_CONSOLE -D_WINDLL -D_MBCS -Xcompiler "/EHsc /W3 /nologo /O2 /Zi  /MD " -o x64\Release\OCTKernel.cu.obj "C:\Users\OHNS\Documents\Visual Studio 2013\Projects\gpuDLL\gpuDLL\OCTKernel.cu" 
         OCTKernel.cu
       ClCompile:
         C:\Program Files (x86)\Microsoft Visual Studio 12.0\VC\bin\x86_amd64\CL.exe /c /I"C:\Program Files\NVIDIA GPU Computing Toolkit\CUDA\v8.0\include" /Zi /nologo /W3 /WX- /O2 /Oi /GL /D WIN32 /D WIN64 /D NDEBUG /D _CONSOLE /D _WINDLL /D _MBCS /Gm- /EHsc /MD /GS /Gy /fp:precise /Zc:wchar_t /Zc:forScope /Fo"x64\Release\\" /Fd"x64\Release\vc120.pdb" /Gd /TP /errorReport:prompt gpuDLLFunctions.cpp
         gpuDLLFunctions.cpp
     1>gpuDLLFunctions.cpp(219): warning C4305: '=' : truncation from 'double' to 'float'
       Link:
         C:\Program Files (x86)\Microsoft Visual Studio 12.0\VC\bin\x86_amd64\link.exe /ERRORREPORT:PROMPT /OUT:"C:\Users\OHNS\Documents\Visual Studio 2013\Projects\gpuDLL\x64\Release\gpuDLL.dll" /NOLOGO /LIBPATH:"C:\Program Files\NVIDIA GPU Computing Toolkit\CUDA\v8.0\lib\x64" /LIBPATH:"C:\Program Files\NVIDIA GPU Computing Toolkit\CUDA\v8.0\lib\x64" cudart.lib kernel32.lib user32.lib gdi32.lib winspool.lib comdlg32.lib advapi32.lib shell32.lib ole32.lib oleaut32.lib uuid.lib odbc32.lib odbccp32.lib cufft.lib kernel32.lib user32.lib gdi32.lib winspool.lib comdlg32.lib advapi32.lib shell32.lib ole32.lib oleaut32.lib uuid.lib odbc32.lib odbccp32.lib /MANIFEST /MANIFESTUAC:"level='asInvoker' uiAccess='false'" /manifest:embed /DEBUG /PDB:"C:\Users\OHNS\Documents\Visual Studio 2013\Projects\gpuDLL\x64\Release\gpuDLL.pdb" /SUBSYSTEM:CONSOLE /OPT:REF /OPT:ICF /LTCG /TLBID:1 /DYNAMICBASE /NXCOMPAT /IMPLIB:"C:\Users\OHNS\Documents\Visual Studio 2013\Projects\gpuDLL\x64\Release\gpuDLL.lib" /MACHINE:X64 /DLL x64\Release\OCTFunctions.cu.obj
         x64\Release\OCTKernel.cu.obj
         x64\Release\gpuDLLFunctions.obj
            Creating library C:\Users\OHNS\Documents\Visual Studio 2013\Projects\gpuDLL\x64\Release\gpuDLL.lib and object C:\Users\OHNS\Documents\Visual Studio 2013\Projects\gpuDLL\x64\Release\gpuDLL.exp
         Generating code
         Finished generating code
         gpuDLL.vcxproj -> C:\Users\OHNS\Documents\Visual Studio 2013\Projects\gpuDLL\x64\Release\gpuDLL.dll
       PostBuildEvent:
         echo copy "C:\Program Files\NVIDIA GPU Computing Toolkit\CUDA\v8.0\bin\cudart*.dll" "C:\Users\OHNS\Documents\Visual Studio 2013\Projects\gpuDLL\x64\Release\"
         copy "C:\Program Files\NVIDIA GPU Computing Toolkit\CUDA\v8.0\bin\cudart*.dll" "C:\Users\OHNS\Documents\Visual Studio 2013\Projects\gpuDLL\x64\Release\"
         :VCEnd
         copy "C:\Program Files\NVIDIA GPU Computing Toolkit\CUDA\v8.0\bin\cudart*.dll" "C:\Users\OHNS\Documents\Visual Studio 2013\Projects\gpuDLL\x64\Release\"
         C:\Program Files\NVIDIA GPU Computing Toolkit\CUDA\v8.0\bin\cudart32_80.dll
         C:\Program Files\NVIDIA GPU Computing Toolkit\CUDA\v8.0\bin\cudart64_80.dll
                 2 file(s) copied.
     1>Done Building Project "C:\Users\OHNS\Documents\Visual Studio 2013\Projects\gpuDLL\gpuDLL\gpuDLL.vcxproj" (Build target(s)).

Build succeeded.

Time Elapsed 00:00:05.19
